<?xml version="1.0" encoding="UTF-8"?>
<coverage generated="1604917747309" clover="3.2.0">
  <project timestamp="1604917747309" name="All files">
    <metrics statements="18" coveredstatements="18" conditionals="8" coveredconditionals="8" methods="6" coveredmethods="6" elements="32" coveredelements="32" complexity="0" loc="18" ncloc="18" packages="1" files="2" classes="2"/>
    <file name="daywork.ts" path="/home/victorcabrita/projects/GymBot/src/models/daywork.ts">
      <metrics statements="6" coveredstatements="6" conditionals="2" coveredconditionals="2" methods="2" coveredmethods="2"/>
      <line num="4" count="12" type="stmt"/>
      <line num="5" count="12" type="cond" truecount="2" falsecount="0"/>
      <line num="6" count="1" type="stmt"/>
      <line num="8" count="11" type="stmt"/>
      <line num="12" count="32" type="stmt"/>
      <line num="15" count="2" type="stmt"/>
    </file>
    <file name="exercise.ts" path="/home/victorcabrita/projects/GymBot/src/models/exercise.ts">
      <metrics statements="12" coveredstatements="12" conditionals="6" coveredconditionals="6" methods="4" coveredmethods="4"/>
      <line num="4" count="30" type="stmt"/>
      <line num="5" count="30" type="cond" truecount="2" falsecount="0"/>
      <line num="6" count="1" type="stmt"/>
      <line num="8" count="29" type="stmt"/>
      <line num="12" count="3" type="stmt"/>
      <line num="16" count="2" type="cond" truecount="2" falsecount="0"/>
      <line num="17" count="1" type="stmt"/>
      <line num="19" count="1" type="stmt"/>
      <line num="23" count="2" type="cond" truecount="2" falsecount="0"/>
      <line num="24" count="1" type="stmt"/>
      <line num="26" count="1" type="stmt"/>
      <line num="30" count="3" type="stmt"/>
    </file>
  </project>
</coverage>
