<?xml version="1.0" encoding="UTF-8"?>
<coverage generated="1604916927439" clover="3.2.0">
  <project timestamp="1604916927439" name="All files">
    <metrics statements="40" coveredstatements="40" conditionals="16" coveredconditionals="16" methods="11" coveredmethods="11" elements="67" coveredelements="67" complexity="0" loc="40" ncloc="40" packages="1" files="3" classes="3"/>
    <file name="daywork.ts" path="/home/victorcabrita/projects/GymBot/src/models/daywork.ts">
      <metrics statements="6" coveredstatements="6" conditionals="2" coveredconditionals="2" methods="2" coveredmethods="2"/>
      <line num="4" count="10" type="stmt"/>
      <line num="5" count="10" type="cond" truecount="2" falsecount="0"/>
      <line num="6" count="1" type="stmt"/>
      <line num="8" count="9" type="stmt"/>
      <line num="12" count="25" type="stmt"/>
      <line num="15" count="2" type="stmt"/>
    </file>
    <file name="exercise.ts" path="/home/victorcabrita/projects/GymBot/src/models/exercise.ts">
      <metrics statements="12" coveredstatements="12" conditionals="6" coveredconditionals="6" methods="4" coveredmethods="4"/>
      <line num="4" count="26" type="stmt"/>
      <line num="5" count="26" type="cond" truecount="2" falsecount="0"/>
      <line num="6" count="1" type="stmt"/>
      <line num="8" count="25" type="stmt"/>
      <line num="12" count="3" type="stmt"/>
      <line num="16" count="2" type="cond" truecount="2" falsecount="0"/>
      <line num="17" count="1" type="stmt"/>
      <line num="19" count="1" type="stmt"/>
      <line num="23" count="2" type="cond" truecount="2" falsecount="0"/>
      <line num="24" count="1" type="stmt"/>
      <line num="26" count="1" type="stmt"/>
      <line num="30" count="3" type="stmt"/>
    </file>
    <file name="routine.ts" path="/home/victorcabrita/projects/GymBot/src/models/routine.ts">
      <metrics statements="22" coveredstatements="22" conditionals="8" coveredconditionals="8" methods="5" coveredmethods="5"/>
      <line num="6" count="2" type="stmt"/>
      <line num="7" count="2" type="stmt"/>
      <line num="8" count="4" type="stmt"/>
      <line num="9" count="4" type="cond" truecount="2" falsecount="0"/>
      <line num="10" count="1" type="stmt"/>
      <line num="13" count="1" type="stmt"/>
      <line num="17" count="3" type="stmt"/>
      <line num="21" count="2" type="stmt"/>
      <line num="22" count="2" type="stmt"/>
      <line num="23" count="4" type="stmt"/>
      <line num="24" count="4" type="cond" truecount="2" falsecount="0"/>
      <line num="25" count="1" type="stmt"/>
      <line num="28" count="1" type="stmt"/>
      <line num="32" count="2" type="stmt"/>
      <line num="33" count="2" type="cond" truecount="2" falsecount="0"/>
      <line num="34" count="1" type="stmt"/>
      <line num="36" count="1" type="stmt"/>
      <line num="40" count="4" type="stmt"/>
      <line num="41" count="8" type="cond" truecount="2" falsecount="0"/>
      <line num="42" count="2" type="stmt"/>
      <line num="45" count="2" type="stmt"/>
      <line num="48" count="1" type="stmt"/>
    </file>
  </project>
</coverage>
