TN:
SF:src/models/daywork.ts
FN:4,(anonymous_0)
FN:11,(anonymous_1)
FNF:2
FNH:2
FNDA:12,(anonymous_0)
FNDA:32,(anonymous_1)
DA:4,12
DA:5,12
DA:6,1
DA:8,11
DA:12,32
DA:15,2
LF:6
LH:6
BRDA:5,0,0,1
BRDA:5,0,1,11
BRF:2
BRH:2
end_of_record
TN:
SF:src/models/exercise.ts
FN:4,(anonymous_0)
FN:11,(anonymous_1)
FN:15,(anonymous_2)
FN:22,(anonymous_3)
FNF:4
FNH:4
FNDA:30,(anonymous_0)
FNDA:3,(anonymous_1)
FNDA:2,(anonymous_2)
FNDA:2,(anonymous_3)
DA:4,30
DA:5,30
DA:6,1
DA:8,29
DA:12,3
DA:16,2
DA:17,1
DA:19,1
DA:23,2
DA:24,1
DA:26,1
DA:30,3
LF:12
LH:12
BRDA:5,0,0,1
BRDA:5,0,1,29
BRDA:16,1,0,1
BRDA:16,1,1,1
BRDA:23,2,0,1
BRDA:23,2,1,1
BRF:6
BRH:6
end_of_record
